<?xml version="1.0" encoding="UTF-8"?>
<testng-results ignored="0" total="1" passed="1" failed="0" skipped="0">
  <reporter-output>
  </reporter-output>
  <suite started-at="2024-11-21T17:34:35 IST" name="Default suite" finished-at="2024-11-21T17:34:46 IST" duration-ms="11336">
    <groups>
    </groups>
    <test started-at="2024-11-21T17:34:35 IST" name="Default test" finished-at="2024-11-21T17:34:46 IST" duration-ms="11336">
      <class name="mytest.Finding_WebElementsByScrolling">
        <test-method signature="testbyscroll()[pri:0, instance:mytest.Finding_WebElementsByScrolling@77888435]" started-at="2024-11-21T17:34:35 IST" name="testbyscroll" finished-at="2024-11-21T17:34:46 IST" duration-ms="11281" status="PASS">
          <reporter-output>
          </reporter-output>
        </test-method> <!-- testbyscroll -->
      </class> <!-- mytest.Finding_WebElementsByScrolling -->
    </test> <!-- Default test -->
  </suite> <!-- Default suite -->
</testng-results>
