<?xml version="1.0" encoding="UTF-8"?>
<testng-results ignored="0" total="1" passed="1" failed="0" skipped="0">
  <reporter-output>
  </reporter-output>
  <suite started-at="2025-02-25T23:15:56 IST" name="Default suite" finished-at="2025-02-25T23:16:05 IST" duration-ms="8815">
    <groups>
    </groups>
    <test started-at="2025-02-25T23:15:56 IST" name="Default test" finished-at="2025-02-25T23:16:05 IST" duration-ms="8815">
      <class name="mytest.Ajaxcalls">
        <test-method signature="validateLogin()[pri:0, instance:mytest.Ajaxcalls@5fe94a96]" started-at="2025-02-25T23:15:56 IST" name="validateLogin" finished-at="2025-02-25T23:16:04 IST" duration-ms="8485" status="PASS">
          <reporter-output>
          </reporter-output>
        </test-method> <!-- validateLogin -->
        <test-method is-config="true" signature="teardown()[pri:0, instance:mytest.Ajaxcalls@5fe94a96]" started-at="2025-02-25T23:16:04 IST" name="teardown" finished-at="2025-02-25T23:16:05 IST" duration-ms="280" status="PASS">
          <reporter-output>
          </reporter-output>
        </test-method> <!-- teardown -->
      </class> <!-- mytest.Ajaxcalls -->
    </test> <!-- Default test -->
  </suite> <!-- Default suite -->
</testng-results>
